<?xml version="1.0" encoding="UTF-8"?>
<!-- Generated by org.testng.reporters.JUnitXMLReporter -->
<testsuite hostname="dag.lv.lohika.com" name="Default test" tests="3" failures="0" timestamp="18 Jul 2013 13:00:32 GMT" time="16.147" errors="0">
  <testcase name="checkLogo" time="0.957" classname="com.sqa.tests.FixedMenuTest"/>
  <testcase name="checkSeachButton" time="0.861" classname="com.sqa.tests.FixedMenuTest"/>
  <testcase name="checkUrl" time="0.536" classname="com.sqa.tests.FixedMenuTest"/>
</testsuite> <!-- Default test -->
