<?xml version="1.0" encoding="UTF-8"?>
<testng-results skipped="0" failed="0" total="3" passed="3">
  <reporter-output>
  </reporter-output>
  <suite name="Default suite" duration-ms="16147" started-at="2013-07-18T13:00:16Z" finished-at="2013-07-18T13:00:32Z">
    <groups>
    </groups>
    <test name="Default test" duration-ms="16147" started-at="2013-07-18T13:00:16Z" finished-at="2013-07-18T13:00:32Z">
      <class name="com.sqa.tests.FixedMenuTest">
        <test-method status="PASS" signature="init()[pri:0, instance:com.sqa.tests.FixedMenuTest@979dce4]" name="init" is-config="true" duration-ms="10316" started-at="2013-07-18T15:00:16Z" finished-at="2013-07-18T15:00:26Z">
          <reporter-output>
          </reporter-output>
        </test-method> <!-- init -->
        <test-method status="PASS" signature="navigateToBaseUrl()[pri:0, instance:com.sqa.tests.FixedMenuTest@979dce4]" name="navigateToBaseUrl" is-config="true" duration-ms="1535" started-at="2013-07-18T15:00:26Z" finished-at="2013-07-18T15:00:28Z">
          <reporter-output>
          </reporter-output>
        </test-method> <!-- navigateToBaseUrl -->
        <test-method status="PASS" signature="checkLogo()[pri:0, instance:com.sqa.tests.FixedMenuTest@979dce4]" name="checkLogo" duration-ms="957" started-at="2013-07-18T15:00:28Z" finished-at="2013-07-18T15:00:29Z">
          <reporter-output>
          </reporter-output>
        </test-method> <!-- checkLogo -->
        <test-method status="PASS" signature="navigateToBaseUrl()[pri:0, instance:com.sqa.tests.FixedMenuTest@979dce4]" name="navigateToBaseUrl" is-config="true" duration-ms="922" started-at="2013-07-18T15:00:29Z" finished-at="2013-07-18T15:00:30Z">
          <reporter-output>
          </reporter-output>
        </test-method> <!-- navigateToBaseUrl -->
        <test-method status="PASS" signature="checkSeachButton()[pri:0, instance:com.sqa.tests.FixedMenuTest@979dce4]" name="checkSeachButton" duration-ms="861" started-at="2013-07-18T15:00:30Z" finished-at="2013-07-18T15:00:30Z">
          <reporter-output>
          </reporter-output>
        </test-method> <!-- checkSeachButton -->
        <test-method status="PASS" signature="navigateToBaseUrl()[pri:0, instance:com.sqa.tests.FixedMenuTest@979dce4]" name="navigateToBaseUrl" is-config="true" duration-ms="683" started-at="2013-07-18T15:00:30Z" finished-at="2013-07-18T15:00:31Z">
          <reporter-output>
          </reporter-output>
        </test-method> <!-- navigateToBaseUrl -->
        <test-method status="PASS" signature="checkUrl()[pri:0, instance:com.sqa.tests.FixedMenuTest@979dce4]" name="checkUrl" duration-ms="536" started-at="2013-07-18T15:00:31Z" finished-at="2013-07-18T15:00:32Z">
          <reporter-output>
          </reporter-output>
        </test-method> <!-- checkUrl -->
        <test-method status="PASS" signature="tearDown()[pri:0, instance:com.sqa.tests.FixedMenuTest@979dce4]" name="tearDown" is-config="true" duration-ms="320" started-at="2013-07-18T15:00:32Z" finished-at="2013-07-18T15:00:32Z">
          <reporter-output>
          </reporter-output>
        </test-method> <!-- tearDown -->
      </class> <!-- com.sqa.tests.FixedMenuTest -->
    </test> <!-- Default test -->
  </suite> <!-- Default suite -->
</testng-results>
