<?xml version="1.0" encoding="UTF-8"?>
<!-- Generated by org.testng.reporters.JUnitXMLReporter -->
<testsuite hostname="dag.lv.lohika.com" name="Command line test" tests="3" failures="0" timestamp="18 Jul 2013 13:03:29 GMT" time="14.806" errors="0">
  <testcase name="checkLogo" time="0.94" classname="com.sqa.tests.FixedMenuTest"/>
  <testcase name="checkSeachButton" time="0.871" classname="com.sqa.tests.FixedMenuTest"/>
  <testcase name="checkUrl" time="0.568" classname="com.sqa.tests.FixedMenuTest"/>
</testsuite>
